
7월 20, 2021 21:24:53.54 NEW SESSION
7월 20, 2021 21:24:53.54 [7220:9684:0720/212453.546:ERROR:device_event_log_impl.cc(214)] [21:24:53.545] Bluetooth: bluetooth_adapter_winrt.cc:1072 Getting Default Adapter failed.

7월 21, 2021 15:14:23.28 NEW SESSION
7월 21, 2021 15:14:23.28 [8228:3464:0721/151423.287:ERROR:device_event_log_impl.cc(214)] [15:14:23.287] Bluetooth: bluetooth_adapter_winrt.cc:1072 Getting Default Adapter failed.
7월 21, 2021 17:15:01.64 [9308:6252:0721/171501.643:ERROR:device_event_log_impl.cc(214)] [17:15:01.643] Bluetooth: bluetooth_adapter_winrt.cc:1072 Getting Default Adapter failed.
7월 21, 2021 17:17:32.88 [8928:10156:0721/171732.887:ERROR:device_event_log_impl.cc(214)] [17:17:32.887] Bluetooth: bluetooth_adapter_winrt.cc:1072 Getting Default Adapter failed.
7월 21, 2021 17:56:18.87 [6996:12960:0721/175618.878:ERROR:device_event_log_impl.cc(214)] [17:56:18.878] Bluetooth: bluetooth_adapter_winrt.cc:1072 Getting Default Adapter failed.

7월 21, 2021 19:26:12.36 NEW SESSION
7월 21, 2021 19:26:12.36 [8088:9688:0721/192612.358:ERROR:device_event_log_impl.cc(214)] [19:26:12.345] Bluetooth: bluetooth_adapter_winrt.cc:1072 Getting Default Adapter failed.

7월 23, 2021 10:35:22.74 NEW SESSION
7월 23, 2021 10:35:22.74 [13884:1868:0723/103522.742:ERROR:device_event_log_impl.cc(214)] [10:35:22.742] Bluetooth: bluetooth_adapter_winrt.cc:1072 Getting Default Adapter failed.
7월 23, 2021 10:37:02.38 [3748:12548:0723/103702.385:ERROR:device_event_log_impl.cc(214)] [10:37:02.385] Bluetooth: bluetooth_adapter_winrt.cc:1072 Getting Default Adapter failed.

<<<<<<< Updated upstream
7월 23, 2021 11:56:33.42 NEW SESSION
7월 23, 2021 11:56:33.42 [4356:11944:0723/115633.422:ERROR:device_event_log_impl.cc(214)] [11:56:33.422] Bluetooth: bluetooth_adapter_winrt.cc:1072 Getting Default Adapter failed.
7월 23, 2021 12:13:22.23 [8580:2588:0723/121322.236:ERROR:device_event_log_impl.cc(214)] [12:13:22.234] USB: usb_device_handle_win.cc:1058 Failed to read descriptor from node connection: 시스템에 부착된 장치가 작동하지 않습니다. (0x1F)
7월 23, 2021 12:13:22.24 [8580:2588:0723/121322.241:ERROR:device_event_log_impl.cc(214)] [12:13:22.241] Bluetooth: bluetooth_adapter_winrt.cc:1072 Getting Default Adapter failed.
7월 23, 2021 12:17:52.43 [2168:11700:0723/121752.437:ERROR:device_event_log_impl.cc(214)] [12:17:52.426] USB: usb_device_handle_win.cc:1058 Failed to read descriptor from node connection: 시스템에 부착된 장치가 작동하지 않습니다. (0x1F)
7월 23, 2021 12:17:52.44 [2168:11700:0723/121752.444:ERROR:device_event_log_impl.cc(214)] [12:17:52.432] Bluetooth: bluetooth_adapter_winrt.cc:1072 Getting Default Adapter failed.
7월 23, 2021 12:48:48.25 [844:6968:0723/124848.257:ERROR:device_event_log_impl.cc(214)] [12:48:48.254] Bluetooth: bluetooth_adapter_winrt.cc:1072 Getting Default Adapter failed.
=======
7월 23, 2021 10:42:13.43 NEW SESSION
7월 23, 2021 10:42:13.43 [128:9004:0723/104213.432:ERROR:device_event_log_impl.cc(214)] [10:42:13.432] Bluetooth: bluetooth_adapter_winrt.cc:1072 Getting Default Adapter failed.
7월 23, 2021 11:49:43.55 [128:9004:0723/114943.551:ERROR:device_event_log_impl.cc(214)] [11:49:43.545] USB: usb_service_win.cc:258 Failed to get device driver name: 요소가 없습니다. (0x490)
>>>>>>> Stashed changes

7월 23, 2021 22:25:55.41 NEW SESSION
7월 23, 2021 22:25:55.41 [9172:6072:0723/222555.412:ERROR:device_event_log_impl.cc(214)] [22:25:55.398] Bluetooth: bluetooth_adapter_winrt.cc:1072 Getting Default Adapter failed.

7월 24, 2021 11:10:25.05 NEW SESSION
7월 24, 2021 11:10:25.05 [7720:10320:0724/111025.052:ERROR:device_event_log_impl.cc(214)] [11:10:25.052] Bluetooth: bluetooth_adapter_winrt.cc:1072 Getting Default Adapter failed.
7월 24, 2021 12:23:44.79 [7720:10320:0724/122344.793:ERROR:page_load_metrics_update_dispatcher.cc(170)] Invalid first_paint 0.881 s for first_image_paint 0.879 s
7월 24, 2021 12:23:45.79 [7720:10320:0724/122345.797:ERROR:page_load_metrics_update_dispatcher.cc(170)] Invalid first_paint 0.881 s for first_image_paint 0.879 s
7월 24, 2021 12:23:48.81 [7720:10320:0724/122348.810:ERROR:page_load_metrics_update_dispatcher.cc(170)] Invalid first_paint 0.881 s for first_image_paint 0.879 s
7월 24, 2021 12:23:54.44 [7720:10320:0724/122354.444:ERROR:page_load_metrics_update_dispatcher.cc(170)] Invalid first_paint 0.881 s for first_image_paint 0.879 s
7월 24, 2021 12:23:57.35 [7720:10320:0724/122357.350:ERROR:page_load_metrics_update_dispatcher.cc(170)] Invalid first_paint 0.881 s for first_image_paint 0.879 s
7월 24, 2021 12:24:06.69 [7720:10320:0724/122406.691:ERROR:page_load_metrics_update_dispatcher.cc(170)] Invalid first_paint 0.881 s for first_image_paint 0.879 s
7월 24, 2021 12:24:14.29 [7720:10320:0724/122414.299:ERROR:page_load_metrics_update_dispatcher.cc(170)] Invalid first_paint 0.881 s for first_image_paint 0.879 s
7월 24, 2021 12:24:21.41 [7720:10320:0724/122421.414:ERROR:page_load_metrics_update_dispatcher.cc(170)] Invalid first_paint 0.881 s for first_image_paint 0.879 s
7월 24, 2021 12:24:24.19 [7720:10320:0724/122424.193:ERROR:page_load_metrics_update_dispatcher.cc(170)] Invalid first_paint 0.881 s for first_image_paint 0.879 s
7월 24, 2021 12:24:27.30 [7720:10320:0724/122427.306:ERROR:page_load_metrics_update_dispatcher.cc(170)] Invalid first_paint 0.881 s for first_image_paint 0.879 s
7월 24, 2021 12:24:28.92 [7720:10320:0724/122428.920:ERROR:page_load_metrics_update_dispatcher.cc(170)] Invalid first_paint 0.881 s for first_image_paint 0.879 s
7월 24, 2021 12:24:31.26 [7720:10320:0724/122431.265:ERROR:page_load_metrics_update_dispatcher.cc(170)] Invalid first_paint 0.881 s for first_image_paint 0.879 s
7월 24, 2021 12:24:32.37 [7720:10320:0724/122432.377:ERROR:page_load_metrics_update_dispatcher.cc(170)] Invalid first_paint 0.881 s for first_image_paint 0.879 s
7월 24, 2021 16:15:15.42 [11960:3572:0724/161515.427:ERROR:device_event_log_impl.cc(214)] [16:15:15.420] Bluetooth: bluetooth_adapter_winrt.cc:1072 Getting Default Adapter failed.
7월 24, 2021 18:13:50.15 [1472:10652:0724/181350.158:ERROR:device_event_log_impl.cc(214)] [18:13:50.151] Bluetooth: bluetooth_adapter_winrt.cc:1072 Getting Default Adapter failed.
